2017-06-18 09:27:34:  start to sync now
2017-06-18 09:27:35: /Users/moshushidemaozi/03New_Media/01Full_Stack/Note/README.md upload failed, and not exists on qiniu: no such bucket
2017-06-18 09:27:36: /Users/moshushidemaozi/03New_Media/01Full_Stack/Note/概念笔记 01-01.xls upload failed, and not exists on qiniu: no such bucket
2017-06-18 09:27:36: /Users/moshushidemaozi/03New_Media/01Full_Stack/Note/概念笔记 01-02.xls upload failed, and not exists on qiniu: no such bucket
2017-06-18 09:27:37: /Users/moshushidemaozi/03New_Media/01Full_Stack/Note/概念笔记01.pdf upload failed, and not exists on qiniu: no such bucket
2017-06-18 09:27:38: /Users/moshushidemaozi/03New_Media/01Full_Stack/Note/概念笔记01.xls upload failed, and not exists on qiniu: no such bucket
2017-06-18 09:27:38: /Users/moshushidemaozi/03New_Media/01Full_Stack/Note/第0周笔记 全栈新媒体运营.md upload failed, and not exists on qiniu: no such bucket
2017-06-18 09:27:39: /Users/moshushidemaozi/03New_Media/01Full_Stack/Note/第1周笔记 新媒体传播学01.md upload failed, and not exists on qiniu: no such bucket
2017-06-18 09:27:39: /Users/moshushidemaozi/03New_Media/01Full_Stack/Note/第1周笔记 新媒体传播学02：古典修辞学、影响力模型和详尽可能性模型.md upload failed, and not exists on qiniu: no such bucket
2017-06-18 09:27:39: /Users/moshushidemaozi/03New_Media/01Full_Stack/Note/_image upload but no file exist or not a file
2017-06-18 09:27:39: /Users/moshushidemaozi/03New_Media/01Full_Stack/Note/pic upload but no file exist or not a file
2017-06-18 09:27:40: /Users/moshushidemaozi/03New_Media/01Full_Stack/Note/_image/01-02.1.png upload failed, and not exists on qiniu: no such bucket
2017-06-18 09:27:40: /Users/moshushidemaozi/03New_Media/01Full_Stack/Note/_image/01-02.2.png upload failed, and not exists on qiniu: no such bucket
2017-06-18 09:27:41: /Users/moshushidemaozi/03New_Media/01Full_Stack/Note/_image/2017-06-18-08-22-20.jpg upload failed, and not exists on qiniu: no such bucket
2017-06-18 09:27:41: /Users/moshushidemaozi/03New_Media/01Full_Stack/Note/_image/2017-06-18-08-27-35.jpg upload failed, and not exists on qiniu: no such bucket
2017-06-18 09:27:42: /Users/moshushidemaozi/03New_Media/01Full_Stack/Note/_image/模式转移假说.png upload failed, and not exists on qiniu: no such bucket
2017-06-18 09:27:43: /Users/moshushidemaozi/03New_Media/01Full_Stack/Note/pic/01-02.1.png upload failed, and not exists on qiniu: no such bucket
2017-06-18 09:27:43: /Users/moshushidemaozi/03New_Media/01Full_Stack/Note/pic/01-02.2.png upload failed, and not exists on qiniu: no such bucket
2017-06-18 09:27:44: /Users/moshushidemaozi/03New_Media/01Full_Stack/Note/pic/模式转移假说.png upload failed, and not exists on qiniu: no such bucket
2017-06-18 09:27:44:  sync ended
2017-06-18 09:29:44:  start to sync now
2017-06-18 09:29:44:  sync ended
